<?xml version="1.0" encoding="UTF-8"?>
<!-- Generated by org.testng.reporters.JUnitXMLReporter -->
<testsuite ignored="0" hostname="k8s-workernode" failures="0" tests="4" name="Default test" time="244.16" errors="0" timestamp="2024-01-29T17:55:40 IST">
  <testcase classname="LessonPlan.AnnualLessonPlan2" name="ApproveAnnualPlan" time="64.673"/>
  <testcase classname="LessonPlan.AnnualLessonPlan2" name="RejectAnnualPlan" time="71.335"/>
  <testcase classname="LessonPlan.AnnualLessonPlan2" name="DeleteAnnualPlan" time="28.75"/>
  <testcase classname="LessonPlan.AnnualLessonPlan2" name="DeleteRejectedAnnualPlan" time="60.714"/>
</testsuite> <!-- Default test -->
