<?xml version="1.0" encoding="UTF-8"?>
<!-- Generated by org.testng.reporters.JUnitXMLReporter -->
<testsuite ignored="0" hostname="k8s-workernode" failures="1" tests="4" name="Test" time="213.592" errors="0" timestamp="2024-01-29T17:50:09 IST">
  <testcase classname="LessonPlan.AnnualLessonPlan2" name="ApproveAnnualPlan" time="64.614"/>
  <testcase classname="LessonPlan.AnnualLessonPlan2" name="RejectAnnualPlan" time="71.108"/>
  <testcase classname="LessonPlan.AnnualLessonPlan2" name="DeleteAnnualPlan" time="28.794"/>
  <testcase classname="LessonPlan.AnnualLessonPlan2" name="DeleteRejectedAnnualPlan" time="30.012">
    <failure type="org.openqa.selenium.NoSuchElementException" message="Unable to locate element: //button[@id=&amp;apos;annualRejectStatus&amp;apos;]
For documentation on this error, please visit: https://www.selenium.dev/documentation/webdriver/troubleshooting/errors#no-such-element-exception
Build info: version: &amp;apos;4.14.1&amp;apos;, revision: &amp;apos;03f8ede370&amp;apos;
System info: os.name: &amp;apos;Linux&amp;apos;, os.arch: &amp;apos;amd64&amp;apos;, os.version: &amp;apos;6.5.0-15-generic&amp;apos;, java.version: &amp;apos;17.0.9&amp;apos;
Driver info: org.openqa.selenium.firefox.FirefoxDriver
Command: [728f44bf-be83-40bc-a08a-a620981c1b7b, findElement {using=xpath, value=//button[@id=&amp;apos;annualRejectStatus&amp;apos;]}]
Capabilities {acceptInsecureCerts: true, browserName: firefox, browserVersion: 122.0, moz:accessibilityChecks: false, moz:buildID: 20240118164516, moz:debuggerAddress: 127.0.0.1:15117, moz:geckodriverVersion: 0.33.0, moz:headless: false, moz:platformVersion: 6.5.0-15-generic, moz:processID: 183928, moz:profile: /tmp/rust_mozprofileiT8Etq, moz:shutdownTimeout: 60000, moz:webdriverClick: true, moz:windowless: false, pageLoadStrategy: normal, platformName: linux, proxy: Proxy(), se:cdp: ws://127.0.0.1:15117/devtoo..., se:cdpVersion: 85.0, setWindowRect: true, strictFileInteractability: false, timeouts: {implicit: 0, pageLoad: 300000, script: 30000}, unhandledPromptBehavior: dismiss and notify}
Session ID: 728f44bf-be83-40bc-a08a-a620981c1b7b">
      <![CDATA[org.openqa.selenium.NoSuchElementException: Unable to locate element: //button[@id='annualRejectStatus']
For documentation on this error, please visit: https://www.selenium.dev/documentation/webdriver/troubleshooting/errors#no-such-element-exception
Build info: version: '4.14.1', revision: '03f8ede370'
System info: os.name: 'Linux', os.arch: 'amd64', os.version: '6.5.0-15-generic', java.version: '17.0.9'
Driver info: org.openqa.selenium.firefox.FirefoxDriver
Command: [728f44bf-be83-40bc-a08a-a620981c1b7b, findElement {using=xpath, value=//button[@id='annualRejectStatus']}]
Capabilities {acceptInsecureCerts: true, browserName: firefox, browserVersion: 122.0, moz:accessibilityChecks: false, moz:buildID: 20240118164516, moz:debuggerAddress: 127.0.0.1:15117, moz:geckodriverVersion: 0.33.0, moz:headless: false, moz:platformVersion: 6.5.0-15-generic, moz:processID: 183928, moz:profile: /tmp/rust_mozprofileiT8Etq, moz:shutdownTimeout: 60000, moz:webdriverClick: true, moz:windowless: false, pageLoadStrategy: normal, platformName: linux, proxy: Proxy(), se:cdp: ws://127.0.0.1:15117/devtoo..., se:cdpVersion: 85.0, setWindowRect: true, strictFileInteractability: false, timeouts: {implicit: 0, pageLoad: 300000, script: 30000}, unhandledPromptBehavior: dismiss and notify}
Session ID: 728f44bf-be83-40bc-a08a-a620981c1b7b
at org.openqa.selenium.remote.codec.w3c.W3CHttpResponseCodec.createException(W3CHttpResponseCodec.java:200)
at org.openqa.selenium.remote.codec.w3c.W3CHttpResponseCodec.decode(W3CHttpResponseCodec.java:133)
at org.openqa.selenium.remote.codec.w3c.W3CHttpResponseCodec.decode(W3CHttpResponseCodec.java:52)
at org.openqa.selenium.remote.HttpCommandExecutor.execute(HttpCommandExecutor.java:191)
at org.openqa.selenium.remote.service.DriverCommandExecutor.invokeExecute(DriverCommandExecutor.java:200)
at org.openqa.selenium.remote.service.DriverCommandExecutor.execute(DriverCommandExecutor.java:175)
at org.openqa.selenium.remote.RemoteWebDriver.execute(RemoteWebDriver.java:602)
at org.openqa.selenium.remote.ElementLocation$ElementFinder$2.findElement(ElementLocation.java:165)
at org.openqa.selenium.remote.ElementLocation.findElement(ElementLocation.java:59)
at org.openqa.selenium.remote.RemoteWebDriver.findElement(RemoteWebDriver.java:359)
at org.openqa.selenium.remote.RemoteWebDriver.findElement(RemoteWebDriver.java:353)
at LessonPlan.AnnualLessonPlan2.DeleteRejectedAnnualPlan(AnnualLessonPlan2.java:384)
at java.base/java.util.ArrayList.forEach(ArrayList.java:1511)
... Removed 32 stack frames]]>
    </failure>
  </testcase> <!-- DeleteRejectedAnnualPlan -->
</testsuite> <!-- Test -->
